2025-12-08T16:36:16.987364: {'timestamp': '2025-12-08T16:36:16.986725', 'intent': 'health_check', 'actor': 'system', 'context': 'System health check performed', 'outcome': 'ok'}
2025-12-18T11:00:03.257099: {'timestamp': '2025-12-18T11:00:03.256762', 'intent': 'input_processing', 'actor': 'mcp_router', 'context': "{'team_id': 'test_team', 'prompt': 'test prompt', 'metadata': {'test': 'data'}}", 'outcome': 'started'}
2025-12-18T11:00:03.257543: {'timestamp': '2025-12-18T11:00:03.257288', 'intent': 'input_processing', 'actor': 'mcp_router', 'context': 'Processed: processed input', 'outcome': 'completed'}
2025-12-18T11:00:03.257988: {'timestamp': '2025-12-18T11:00:03.257774', 'intent': 'reasoning', 'actor': 'mcp_router', 'context': "Input: processed input, Context: {'test': 'data'}", 'outcome': 'started'}
2025-12-18T11:00:03.258375: {'timestamp': '2025-12-18T11:00:03.258133', 'intent': 'reasoning', 'actor': 'mcp_router', 'context': 'Plan: action plan', 'outcome': 'completed'}
2025-12-18T11:00:03.258693: {'timestamp': '2025-12-18T11:00:03.258486', 'intent': 'execution', 'actor': 'mcp_router', 'context': 'Action: action plan', 'outcome': 'started'}
2025-12-18T11:00:03.259069: {'timestamp': '2025-12-18T11:00:03.258857', 'intent': 'execution', 'actor': 'mcp_router', 'context': 'Result: execution result', 'outcome': 'completed'}
2025-12-18T11:00:03.259390: {'timestamp': '2025-12-18T11:00:03.259199', 'intent': 'core_communication', 'actor': 'mcp_router', 'context': "{'input': 'processed input', 'action': 'action plan', 'result': 'execution result', 'team_id': 'test_team'}", 'outcome': 'started'}
2025-12-18T11:00:03.259775: {'timestamp': '2025-12-18T11:00:03.259541', 'intent': 'core_communication', 'actor': 'mcp_router', 'context': 'Communicated with BHIV Core for team test_team', 'outcome': 'success', 'additional_data': '{"payload_size": 107, "response_size": 46}'}
2025-12-18T11:00:03.260064: {'timestamp': '2025-12-18T11:00:03.259875', 'intent': 'mcp_flow', 'actor': 'mcp_router', 'context': 'Team: test_team', 'outcome': 'success'}
2025-12-18T11:00:03.262502: {'timestamp': '2025-12-18T11:00:03.262249', 'intent': 'input_processing', 'actor': 'mcp_router', 'context': "{'team_id': 'test_team', 'prompt': 'test prompt'}", 'outcome': 'started'}
2025-12-18T11:00:03.262868: {'timestamp': '2025-12-18T11:00:03.262650', 'intent': 'input_processing', 'actor': 'mcp_router', 'context': 'Processed: processed input', 'outcome': 'completed'}
2025-12-18T11:00:03.263178: {'timestamp': '2025-12-18T11:00:03.262977', 'intent': 'reasoning', 'actor': 'mcp_router', 'context': 'Input: processed input, Context: {}', 'outcome': 'started'}
2025-12-18T11:00:03.263533: {'timestamp': '2025-12-18T11:00:03.263334', 'intent': 'reasoning', 'actor': 'mcp_router', 'context': 'Plan: action plan', 'outcome': 'completed'}
2025-12-18T11:00:03.263836: {'timestamp': '2025-12-18T11:00:03.263637', 'intent': 'execution', 'actor': 'mcp_router', 'context': 'Action: action plan', 'outcome': 'started'}
2025-12-18T11:00:03.264193: {'timestamp': '2025-12-18T11:00:03.263962', 'intent': 'execution', 'actor': 'mcp_router', 'context': 'Result: execution result', 'outcome': 'completed'}
2025-12-18T11:00:03.264483: {'timestamp': '2025-12-18T11:00:03.264292', 'intent': 'core_communication', 'actor': 'mcp_router', 'context': "{'input': 'processed input', 'action': 'action plan', 'result': 'execution result', 'team_id': 'test_team'}", 'outcome': 'started'}
2025-12-18T11:00:03.264817: {'timestamp': '2025-12-18T11:00:03.264606', 'intent': 'core_communication', 'actor': 'mcp_router', 'context': 'Communicated with BHIV Core for team test_team', 'outcome': 'success', 'additional_data': '{"payload_size": 107, "response_size": 46}'}
2025-12-18T11:00:03.265103: {'timestamp': '2025-12-18T11:00:03.264915', 'intent': 'mcp_flow', 'actor': 'mcp_router', 'context': 'Team: test_team', 'outcome': 'success'}
2025-12-18T11:00:03.267473: {'timestamp': '2025-12-18T11:00:03.267217', 'intent': 'input_processing', 'actor': 'mcp_router', 'context': "{'prompt': 'test prompt', 'metadata': {'test': 'data'}}", 'outcome': 'started'}
2025-12-18T11:00:03.267944: {'timestamp': '2025-12-18T11:00:03.267720', 'intent': 'input_processing', 'actor': 'mcp_router', 'context': 'Processed: processed input', 'outcome': 'completed'}
2025-12-18T11:00:03.268240: {'timestamp': '2025-12-18T11:00:03.268054', 'intent': 'reasoning', 'actor': 'mcp_router', 'context': "Input: processed input, Context: {'test': 'data'}", 'outcome': 'started'}
2025-12-18T11:00:03.268712: {'timestamp': '2025-12-18T11:00:03.268447', 'intent': 'reasoning', 'actor': 'mcp_router', 'context': 'Plan: action plan', 'outcome': 'completed'}
2025-12-18T11:00:03.269006: {'timestamp': '2025-12-18T11:00:03.268814', 'intent': 'execution', 'actor': 'mcp_router', 'context': 'Action: action plan', 'outcome': 'started'}
2025-12-18T11:00:03.269316: {'timestamp': '2025-12-18T11:00:03.269133', 'intent': 'execution', 'actor': 'mcp_router', 'context': 'Result: execution result', 'outcome': 'completed'}
2025-12-18T11:00:03.269601: {'timestamp': '2025-12-18T11:00:03.269411', 'intent': 'core_communication', 'actor': 'mcp_router', 'context': "{'input': 'processed input', 'action': 'action plan', 'result': 'execution result', 'team_id': 'unknown'}", 'outcome': 'started'}
2025-12-18T11:00:03.269912: {'timestamp': '2025-12-18T11:00:03.269720', 'intent': 'core_communication', 'actor': 'mcp_router', 'context': 'Communicated with BHIV Core for team unknown', 'outcome': 'success', 'additional_data': '{"payload_size": 105, "response_size": 46}'}
2025-12-18T11:00:03.270230: {'timestamp': '2025-12-18T11:00:03.270036', 'intent': 'mcp_flow', 'actor': 'mcp_router', 'context': 'Team: unknown', 'outcome': 'success'}
2025-12-18T11:00:24.193356: {'timestamp': '2025-12-18T11:00:24.193035', 'intent': 'input_processing', 'actor': 'mcp_router', 'context': "{'team_id': 'test_team', 'prompt': 'test prompt', 'metadata': {'test': 'data'}}", 'outcome': 'started'}
2025-12-18T11:00:24.193878: {'timestamp': '2025-12-18T11:00:24.193596', 'intent': 'input_processing', 'actor': 'mcp_router', 'context': 'Processed: processed input', 'outcome': 'completed'}
2025-12-18T11:00:24.194237: {'timestamp': '2025-12-18T11:00:24.193992', 'intent': 'reasoning', 'actor': 'mcp_router', 'context': "Input: processed input, Context: {'test': 'data'}", 'outcome': 'started'}
2025-12-18T11:00:24.194611: {'timestamp': '2025-12-18T11:00:24.194410', 'intent': 'reasoning', 'actor': 'mcp_router', 'context': 'Plan: action plan', 'outcome': 'completed'}
2025-12-18T11:00:24.194926: {'timestamp': '2025-12-18T11:00:24.194738', 'intent': 'execution', 'actor': 'mcp_router', 'context': 'Action: action plan', 'outcome': 'started'}
2025-12-18T11:00:24.195258: {'timestamp': '2025-12-18T11:00:24.195050', 'intent': 'execution', 'actor': 'mcp_router', 'context': 'Result: execution result', 'outcome': 'completed'}
2025-12-18T11:00:24.195607: {'timestamp': '2025-12-18T11:00:24.195397', 'intent': 'core_communication', 'actor': 'mcp_router', 'context': "{'input': 'processed input', 'action': 'action plan', 'result': 'execution result', 'team_id': 'test_team'}", 'outcome': 'started'}
2025-12-18T11:00:24.196040: {'timestamp': '2025-12-18T11:00:24.195769', 'intent': 'core_communication', 'actor': 'mcp_router', 'context': 'Communicated with BHIV Core for team test_team', 'outcome': 'success', 'additional_data': '{"payload_size": 107, "response_size": 46}'}
2025-12-18T11:00:24.196405: {'timestamp': '2025-12-18T11:00:24.196183', 'intent': 'mcp_flow', 'actor': 'mcp_router', 'context': 'Team: test_team', 'outcome': 'success'}
2025-12-18T11:00:24.198538: {'timestamp': '2025-12-18T11:00:24.198329', 'intent': 'input_processing', 'actor': 'mcp_router', 'context': "{'team_id': 'test_team', 'prompt': 'test prompt'}", 'outcome': 'started'}
2025-12-18T11:00:24.198871: {'timestamp': '2025-12-18T11:00:24.198678', 'intent': 'input_processing', 'actor': 'mcp_router', 'context': 'Processed: processed input', 'outcome': 'completed'}
2025-12-18T11:00:24.199238: {'timestamp': '2025-12-18T11:00:24.198975', 'intent': 'reasoning', 'actor': 'mcp_router', 'context': 'Input: processed input, Context: {}', 'outcome': 'started'}
2025-12-18T11:00:24.199597: {'timestamp': '2025-12-18T11:00:24.199403', 'intent': 'reasoning', 'actor': 'mcp_router', 'context': 'Plan: action plan', 'outcome': 'completed'}
2025-12-18T11:00:24.199995: {'timestamp': '2025-12-18T11:00:24.199749', 'intent': 'execution', 'actor': 'mcp_router', 'context': 'Action: action plan', 'outcome': 'started'}
2025-12-18T11:00:24.200390: {'timestamp': '2025-12-18T11:00:24.200164', 'intent': 'execution', 'actor': 'mcp_router', 'context': 'Result: execution result', 'outcome': 'completed'}
2025-12-18T11:00:24.200762: {'timestamp': '2025-12-18T11:00:24.200533', 'intent': 'core_communication', 'actor': 'mcp_router', 'context': "{'input': 'processed input', 'action': 'action plan', 'result': 'execution result', 'team_id': 'test_team'}", 'outcome': 'started'}
2025-12-18T11:00:24.201106: {'timestamp': '2025-12-18T11:00:24.200896', 'intent': 'core_communication', 'actor': 'mcp_router', 'context': 'Communicated with BHIV Core for team test_team', 'outcome': 'success', 'additional_data': '{"payload_size": 107, "response_size": 46}'}
2025-12-18T11:00:24.201415: {'timestamp': '2025-12-18T11:00:24.201227', 'intent': 'mcp_flow', 'actor': 'mcp_router', 'context': 'Team: test_team', 'outcome': 'success'}
2025-12-18T11:00:24.203974: {'timestamp': '2025-12-18T11:00:24.203693', 'intent': 'input_processing', 'actor': 'mcp_router', 'context': "{'prompt': 'test prompt', 'metadata': {'test': 'data'}}", 'outcome': 'started'}
2025-12-18T11:00:24.204397: {'timestamp': '2025-12-18T11:00:24.204171', 'intent': 'input_processing', 'actor': 'mcp_router', 'context': 'Processed: processed input', 'outcome': 'completed'}
2025-12-18T11:00:24.204725: {'timestamp': '2025-12-18T11:00:24.204513', 'intent': 'reasoning', 'actor': 'mcp_router', 'context': "Input: processed input, Context: {'test': 'data'}", 'outcome': 'started'}
2025-12-18T11:00:24.205127: {'timestamp': '2025-12-18T11:00:24.204909', 'intent': 'reasoning', 'actor': 'mcp_router', 'context': 'Plan: action plan', 'outcome': 'completed'}
2025-12-18T11:00:24.205472: {'timestamp': '2025-12-18T11:00:24.205247', 'intent': 'execution', 'actor': 'mcp_router', 'context': 'Action: action plan', 'outcome': 'started'}
2025-12-18T11:00:24.205797: {'timestamp': '2025-12-18T11:00:24.205607', 'intent': 'execution', 'actor': 'mcp_router', 'context': 'Result: execution result', 'outcome': 'completed'}
2025-12-18T11:00:24.206085: {'timestamp': '2025-12-18T11:00:24.205901', 'intent': 'core_communication', 'actor': 'mcp_router', 'context': "{'input': 'processed input', 'action': 'action plan', 'result': 'execution result', 'team_id': 'unknown'}", 'outcome': 'started'}
2025-12-18T11:00:24.206416: {'timestamp': '2025-12-18T11:00:24.206221', 'intent': 'core_communication', 'actor': 'mcp_router', 'context': 'Communicated with BHIV Core for team unknown', 'outcome': 'success', 'additional_data': '{"payload_size": 105, "response_size": 46}'}
2025-12-18T11:00:24.206721: {'timestamp': '2025-12-18T11:00:24.206519', 'intent': 'mcp_flow', 'actor': 'mcp_router', 'context': 'Team: unknown', 'outcome': 'success'}
2025-12-18T11:00:24.213192: {'timestamp': '2025-12-18T11:00:24.212018', 'intent': 'agent_routing', 'actor': 'mcp_router', 'context': 'Routing to agent type: judge', 'outcome': 'started'}
2025-12-18T11:00:24.216074: {'timestamp': '2025-12-18T11:00:24.215817', 'intent': 'agent_routing', 'actor': 'mcp_router', 'context': 'Routing to agent type: mentor', 'outcome': 'started'}
2025-12-18T11:00:24.218250: {'timestamp': '2025-12-18T11:00:24.217971', 'intent': 'agent_routing', 'actor': 'mcp_router', 'context': 'Routing to agent type: system', 'outcome': 'started'}
2025-12-18T11:00:24.220641: {'timestamp': '2025-12-18T11:00:24.220343', 'intent': 'agent_routing', 'actor': 'mcp_router', 'context': 'Routing to agent type: unknown', 'outcome': 'started'}
2025-12-18T11:00:24.222939: {'timestamp': '2025-12-18T11:00:24.222686', 'intent': 'agent_routing', 'actor': 'mcp_router', 'context': 'Routing to agent type: judge', 'outcome': 'started'}
2025-12-18T11:00:24.223307: {'timestamp': '2025-12-18T11:00:24.223097', 'intent': 'agent_routing', 'actor': 'mcp_router', 'context': 'Routing to agent type: judge', 'outcome': 'started'}
2025-12-18T11:00:48.254696: {'timestamp': '2025-12-18T11:00:48.254247', 'intent': 'agent_routing', 'actor': 'mcp_router', 'context': 'Routing to agent type: judge', 'outcome': 'started'}
2025-12-18T11:00:48.255374: {'timestamp': '2025-12-18T11:00:48.255033', 'intent': 'agent_routing', 'actor': 'mcp_router', 'context': 'Routing to agent type: mentor', 'outcome': 'started'}
2025-12-18T11:00:48.255912: {'timestamp': '2025-12-18T11:00:48.255618', 'intent': 'agent_routing', 'actor': 'mcp_router', 'context': 'Routing to agent type: system', 'outcome': 'started'}
2025-12-18T11:00:48.256462: {'timestamp': '2025-12-18T11:00:48.256190', 'intent': 'agent_routing', 'actor': 'mcp_router', 'context': 'Routing to agent type: unknown', 'outcome': 'started'}
2025-12-18T11:00:48.256951: {'timestamp': '2025-12-18T11:00:48.256720', 'intent': 'agent_routing', 'actor': 'mcp_router', 'context': 'Routing to agent type: judge', 'outcome': 'started'}
2025-12-18T11:00:48.257360: {'timestamp': '2025-12-18T11:00:48.257110', 'intent': 'agent_routing', 'actor': 'mcp_router', 'context': 'Routing to agent type: judge', 'outcome': 'started'}
2025-12-18T11:00:48.257751: {'timestamp': '2025-12-18T11:00:48.257518', 'intent': 'agent_routing', 'actor': 'mcp_router', 'context': 'Routing to agent type: judge', 'outcome': 'started'}
